egl.cfg
audio_policy.stub.so
libfmjni.so
libdrmclearkeyplugin.so
libmockdrmcryptoplugin.so
libaudiopolicymanagerdefault.so
libmedia_jni.so
libaudiopreprocessing.so
libGLES_android.so
libbundlewrapper.so
libdownmix.so
libeffectproxy.so
libldnhncr.so
libreverbwrapper.so
libvisualizer.so
libaudiopolicyenginedefault.so
libaudiopolicymanager.so
libfilterpack_facedetect.so
libaudiopolicyservice.so
libOpenSLES.so
libdrmframework.so
libdrmframework_jni.so
libgatekeeper.so
libkeymaster1.so
libreference-ril.so
libril.so
libext2_blkid.so
libext2_com_err.so
libext2_e2p.so
libext2_profile.so
libext2_quota.so
libext2_uuid.so
libext2fs.so
liblogwrap.so
libevent.so
fingerprint.default.so
